<?xml version="1.0" encoding="utf-8"?><testsuites name="pytest tests"><testsuite name="pytest" errors="0" failures="0" skipped="0" tests="15" time="29.226" timestamp="2026-05-17T17:14:05.489301+00:00" hostname="agent-env-877b7d77-ed52-4b92-baf2-5020b5aeb74f"><testcase classname="backend.tests.test_lead_pool_write_ops.TestLeadCreation" name="test_create_lead_with_all_required_fields" time="1.247" /><testcase classname="backend.tests.test_lead_pool_write_ops.TestLeadCreation" name="test_create_lead_with_all_optional_fields" time="0.841" /><testcase classname="backend.tests.test_lead_pool_write_ops.TestLeadCreation" name="test_create_lead_missing_required_fields" time="0.132" /><testcase classname="backend.tests.test_lead_pool_write_ops.TestAgentUpdate" name="test_update_agent_tier" time="2.324" /><testcase classname="backend.tests.test_lead_pool_write_ops.TestAgentUpdate" name="test_update_agent_approved_states" time="2.276" /><testcase classname="backend.tests.test_lead_pool_write_ops.TestAgentUpdate" name="test_update_agent_active_status" time="1.970" /><testcase classname="backend.tests.test_lead_pool_write_ops.TestLeadNotification" name="test_notify_agents_for_lead" time="3.245" /><testcase classname="backend.tests.test_lead_pool_write_ops.TestLeadNotification" name="test_notify_no_agents_selected" time="0.745" /><testcase classname="backend.tests.test_lead_pool_write_ops.TestClaimFlow" name="test_claim_verify_invalid_token" time="0.404" /><testcase classname="backend.tests.test_lead_pool_write_ops.TestClaimFlow" name="test_claim_execute_invalid_token" time="0.519" /><testcase classname="backend.tests.test_lead_pool_write_ops.TestClaimFlow" name="test_full_claim_flow" time="7.229" /><testcase classname="backend.tests.test_lead_pool_write_ops.TestLeadStatusUpdate" name="test_update_lead_status_to_removed" time="2.018" /><testcase classname="backend.tests.test_lead_pool_write_ops.TestLeadStatusUpdate" name="test_update_lead_status_to_completed" time="2.721" /><testcase classname="backend.tests.test_lead_pool_write_ops.TestLeadStatusUpdate" name="test_update_lead_invalid_status" time="1.042" /><testcase classname="backend.tests.test_lead_pool_write_ops.TestLeadStatusUpdate" name="test_reopen_claimed_lead" time="2.366" /></testsuite></testsuites>