<?xml version="1.0" encoding="utf-8"?><testsuites name="pytest tests"><testsuite name="pytest" errors="0" failures="0" skipped="0" tests="12" time="7.914" timestamp="2026-05-17T17:03:30.624679+00:00" hostname="agent-env-877b7d77-ed52-4b92-baf2-5020b5aeb74f"><testcase classname="backend.tests.test_lead_pool_api.TestAdminAuth" name="test_admin_login_success" time="1.538" /><testcase classname="backend.tests.test_lead_pool_api.TestAdminAuth" name="test_admin_login_wrong_password" time="0.136" /><testcase classname="backend.tests.test_lead_pool_api.TestLeadsAPI" name="test_get_leads_list" time="0.941" /><testcase classname="backend.tests.test_lead_pool_api.TestLeadsAPI" name="test_get_lead_by_id" time="1.340" /><testcase classname="backend.tests.test_lead_pool_api.TestLeadsAPI" name="test_get_lead_not_found" time="0.429" /><testcase classname="backend.tests.test_lead_pool_api.TestLeadsAPI" name="test_post_leads_validation" time="0.157" /><testcase classname="backend.tests.test_lead_pool_api.TestAgentsAPI" name="test_get_agents_list" time="0.411" /><testcase classname="backend.tests.test_lead_pool_api.TestAgentsAPI" name="test_get_agent_by_id" time="0.846" /><testcase classname="backend.tests.test_lead_pool_api.TestAgentsAPI" name="test_get_agent_invalid_id" time="0.203" /><testcase classname="backend.tests.test_lead_pool_api.TestClaimAPI" name="test_claim_verify_invalid_token" time="0.476" /><testcase classname="backend.tests.test_lead_pool_api.TestClaimAPI" name="test_claim_execute_invalid_token" time="0.474" /><testcase classname="backend.tests.test_lead_pool_api.TestLeadActivityAPI" name="test_get_activity_logs" time="0.521" /></testsuite></testsuites>